<?xml version="1.0" encoding="UTF-8"?>
<!-- Generated by org.testng.reporters.JUnitReportReporter -->
<testsuite hostname="DESKTOP-3ROKAB7" failures="0" tests="1" name="ebay_DEMO.Testng_demo" time="7.423" errors="0" timestamp="2021-03-22T21:42:13 CDT" skipped="0">
  <testcase classname="ebay_DEMO.Testng_demo" name="VerifyCoursePage" time="7.423"/>
  <system-out/>
</testsuite> <!-- ebay_DEMO.Testng_demo -->
