<?xml version="1.0" encoding="UTF-8"?>
<!-- Generated by org.testng.reporters.JUnitReportReporter -->
<testsuite skipped="0" hostname="DESKTOP-3ROKAB7" name="ebay_DEMO.action_action" tests="1" failures="0" timestamp="2021-07-09T21:19:30 CDT" time="7.134" errors="0">
  <testcase name="actionss" time="7.134" classname="ebay_DEMO.action_action"/>
  <system-out/>
</testsuite> <!-- ebay_DEMO.action_action -->
