<?xml version="1.0" encoding="UTF-8"?>
<!-- Generated by org.testng.reporters.JUnitReportReporter -->
<testsuite hostname="DESKTOP-3ROKAB7" failures="0" tests="1" name="ebay_DEMO.popup_demo" time="18.506" errors="0" timestamp="2021-03-22T22:21:43 CDT" skipped="0">
  <testcase classname="ebay_DEMO.popup_demo" name="popup" time="18.506"/>
  <system-out/>
</testsuite> <!-- ebay_DEMO.popup_demo -->
