<?xml version="1.0" encoding="UTF-8"?>
<!-- Generated by org.testng.reporters.JUnitReportReporter -->
<testsuite hostname="DESKTOP-3ROKAB7" failures="0" tests="1" name="ebay_DEMO.Frame_demo" time="5.710" errors="0" timestamp="2021-03-22T22:08:42 CDT" skipped="0">
  <testcase classname="ebay_DEMO.Frame_demo" name="frame" time="5.710"/>
  <system-out/>
</testsuite> <!-- ebay_DEMO.Frame_demo -->
